# JRE version: Java(TM) SE Runtime Environment (8.0_191-b12) (build 1.8.0_191-b12)
# Java VM: Java HotSpot(TM) 64-Bit Server VM (25.191-b12 mixed mode linux-amd64 compressed oops)
Heap:
 PSYoungGen      total 36864K, used 11309K [0x00000000d7180000, 0x00000000d9a80000, 0x0000000100000000)
  eden space 31744K, 19% used [0x00000000d7180000,0x00000000d7792a80,0x00000000d9080000)
  from space 5120K, 99% used [0x00000000d9580000,0x00000000d9a78ac0,0x00000000d9a80000)
  to   space 5120K, 0% used [0x00000000d9080000,0x00000000d9080000,0x00000000d9580000)
 ParOldGen       total 84992K, used 3072K [0x0000000085400000, 0x000000008a700000, 0x00000000d7180000)
  object space 84992K, 3% used [0x0000000085400000,0x0000000085700070,0x000000008a700000)
 Metaspace       used 19856K, capacity 20968K, committed 21120K, reserved 1067008K
  class space    used 2908K, capacity 3163K, committed 3200K, reserved 1048576K
GC Heap History (4 events):
Event: 1,349 GC heap before
{Heap before GC invocations=1 (full 0):
 PSYoungGen      total 36864K, used 31744K [0x00000000d7180000, 0x00000000d9a80000, 0x0000000100000000)
  eden space 31744K, 100% used [0x00000000d7180000,0x00000000d9080000,0x00000000d9080000)
  from space 5120K, 0% used [0x00000000d9580000,0x00000000d9580000,0x00000000d9a80000)
  to   space 5120K, 0% used [0x00000000d9080000,0x00000000d9080000,0x00000000d9580000)
 ParOldGen       total 84992K, used 0K [0x0000000085400000, 0x000000008a700000, 0x00000000d7180000)
  object space 84992K, 0% used [0x0000000085400000,0x0000000085400000,0x000000008a700000)
 Metaspace       used 12816K, capacity 13328K, committed 13440K, reserved 1060864K
  class space    used 1679K, capacity 1857K, committed 1920K, reserved 1048576K
Event: 1,358 GC heap after
Heap after GC invocations=1 (full 0):
 PSYoungGen      total 36864K, used 4660K [0x00000000d7180000, 0x00000000d9a80000, 0x0000000100000000)
  eden space 31744K, 0% used [0x00000000d7180000,0x00000000d7180000,0x00000000d9080000)
  from space 5120K, 91% used [0x00000000d9080000,0x00000000d950d3f8,0x00000000d9580000)
  to   space 5120K, 0% used [0x00000000d9580000,0x00000000d9580000,0x00000000d9a80000)
 ParOldGen       total 84992K, used 80K [0x0000000085400000, 0x000000008a700000, 0x00000000d7180000)
  object space 84992K, 0% used [0x0000000085400000,0x0000000085414010,0x000000008a700000)
 Metaspace       used 12816K, capacity 13328K, committed 13440K, reserved 1060864K
  class space    used 1679K, capacity 1857K, committed 1920K, reserved 1048576K
}
Event: 5,551 GC heap before
{Heap before GC invocations=2 (full 0):
 PSYoungGen      total 36864K, used 36404K [0x00000000d7180000, 0x00000000d9a80000, 0x0000000100000000)
  eden space 31744K, 100% used [0x00000000d7180000,0x00000000d9080000,0x00000000d9080000)
  from space 5120K, 91% used [0x00000000d9080000,0x00000000d950d3f8,0x00000000d9580000)
  to   space 5120K, 0% used [0x00000000d9580000,0x00000000d9580000,0x00000000d9a80000)
 ParOldGen       total 84992K, used 80K [0x0000000085400000, 0x000000008a700000, 0x00000000d7180000)
  object space 84992K, 0% used [0x0000000085400000,0x0000000085414010,0x000000008a700000)
 Metaspace       used 19243K, capacity 20220K, committed 20480K, reserved 1067008K
  class space    used 2809K, capacity 3057K, committed 3072K, reserved 1048576K
Event: 5,564 GC heap after
Heap after GC invocations=2 (full 0):
 PSYoungGen      total 36864K, used 5090K [0x00000000d7180000, 0x00000000d9a80000, 0x0000000100000000)
  eden space 31744K, 0% used [0x00000000d7180000,0x00000000d7180000,0x00000000d9080000)
  from space 5120K, 99% used [0x00000000d9580000,0x00000000d9a78ac0,0x00000000d9a80000)
  to   space 5120K, 0% used [0x00000000d9080000,0x00000000d9080000,0x00000000d9580000)
 ParOldGen       total 84992K, used 3072K [0x0000000085400000, 0x000000008a700000, 0x00000000d7180000)
  object space 84992K, 3% used [0x0000000085400000,0x0000000085700070,0x000000008a700000)
 Metaspace       used 19243K, capacity 20220K, committed 20480K, reserved 1067008K
  class space    used 2809K, capacity 3057K, committed 3072K, reserved 1048576K
}

