# JRE version: Java(TM) SE Runtime Environment (8.0_191-b12) (build 1.8.0_191-b12)
# Java VM: Java HotSpot(TM) 64-Bit Server VM (25.191-b12 mixed mode linux-amd64 compressed oops)
Heap:
 PSYoungGen      total 36864K, used 11756K [0x00000000d7180000, 0x00000000d9a80000, 0x0000000100000000)
  eden space 31744K, 20% used [0x00000000d7180000,0x00000000d77fdcf0,0x00000000d9080000)
  from space 5120K, 99% used [0x00000000d9580000,0x00000000d9a7d388,0x00000000d9a80000)
  to   space 5120K, 0% used [0x00000000d9080000,0x00000000d9080000,0x00000000d9580000)
 ParOldGen       total 84992K, used 2994K [0x0000000085400000, 0x000000008a700000, 0x00000000d7180000)
  object space 84992K, 3% used [0x0000000085400000,0x00000000856ec9b0,0x000000008a700000)
 Metaspace       used 19613K, capacity 20548K, committed 20736K, reserved 1067008K
  class space    used 2816K, capacity 3057K, committed 3072K, reserved 1048576K
GC Heap History (4 events):
Event: 4,966 GC heap before
{Heap before GC invocations=1 (full 0):
 PSYoungGen      total 36864K, used 31744K [0x00000000d7180000, 0x00000000d9a80000, 0x0000000100000000)
  eden space 31744K, 100% used [0x00000000d7180000,0x00000000d9080000,0x00000000d9080000)
  from space 5120K, 0% used [0x00000000d9580000,0x00000000d9580000,0x00000000d9a80000)
  to   space 5120K, 0% used [0x00000000d9080000,0x00000000d9080000,0x00000000d9580000)
 ParOldGen       total 84992K, used 0K [0x0000000085400000, 0x000000008a700000, 0x00000000d7180000)
  object space 84992K, 0% used [0x0000000085400000,0x0000000085400000,0x000000008a700000)
 Metaspace       used 12765K, capacity 13232K, committed 13440K, reserved 1060864K
  class space    used 1665K, capacity 1825K, committed 1920K, reserved 1048576K
Event: 4,974 GC heap after
Heap after GC invocations=1 (full 0):
 PSYoungGen      total 36864K, used 4581K [0x00000000d7180000, 0x00000000d9a80000, 0x0000000100000000)
  eden space 31744K, 0% used [0x00000000d7180000,0x00000000d7180000,0x00000000d9080000)
  from space 5120K, 89% used [0x00000000d9080000,0x00000000d94f9428,0x00000000d9580000)
  to   space 5120K, 0% used [0x00000000d9580000,0x00000000d9580000,0x00000000d9a80000)
 ParOldGen       total 84992K, used 80K [0x0000000085400000, 0x000000008a700000, 0x00000000d7180000)
  object space 84992K, 0% used [0x0000000085400000,0x0000000085414010,0x000000008a700000)
 Metaspace       used 12765K, capacity 13232K, committed 13440K, reserved 1060864K
  class space    used 1665K, capacity 1825K, committed 1920K, reserved 1048576K
}
Event: 19,038 GC heap before
{Heap before GC invocations=2 (full 0):
 PSYoungGen      total 36864K, used 36325K [0x00000000d7180000, 0x00000000d9a80000, 0x0000000100000000)
  eden space 31744K, 100% used [0x00000000d7180000,0x00000000d9080000,0x00000000d9080000)
  from space 5120K, 89% used [0x00000000d9080000,0x00000000d94f9428,0x00000000d9580000)
  to   space 5120K, 0% used [0x00000000d9580000,0x00000000d9580000,0x00000000d9a80000)
 ParOldGen       total 84992K, used 80K [0x0000000085400000, 0x000000008a700000, 0x00000000d7180000)
  object space 84992K, 0% used [0x0000000085400000,0x0000000085414010,0x000000008a700000)
 Metaspace       used 19151K, capacity 20126K, committed 20480K, reserved 1067008K
  class space    used 2737K, capacity 2960K, committed 3072K, reserved 1048576K
Event: 19,070 GC heap after
Heap after GC invocations=2 (full 0):
 PSYoungGen      total 36864K, used 5108K [0x00000000d7180000, 0x00000000d9a80000, 0x0000000100000000)
  eden space 31744K, 0% used [0x00000000d7180000,0x00000000d7180000,0x00000000d9080000)
  from space 5120K, 99% used [0x00000000d9580000,0x00000000d9a7d388,0x00000000d9a80000)
  to   space 5120K, 0% used [0x00000000d9080000,0x00000000d9080000,0x00000000d9580000)
 ParOldGen       total 84992K, used 2994K [0x0000000085400000, 0x000000008a700000, 0x00000000d7180000)
  object space 84992K, 3% used [0x0000000085400000,0x00000000856ec9b0,0x000000008a700000)
 Metaspace       used 19151K, capacity 20126K, committed 20480K, reserved 1067008K
  class space    used 2737K, capacity 2960K, committed 3072K, reserved 1048576K
}

