# JRE version: Java(TM) SE Runtime Environment (8.0_191-b12) (build 1.8.0_191-b12)
# Java VM: Java HotSpot(TM) 64-Bit Server VM (25.191-b12 mixed mode linux-amd64 compressed oops)
Heap:
 PSYoungGen      total 36864K, used 8604K [0x00000000d7180000, 0x00000000d9a80000, 0x0000000100000000)
  eden space 31744K, 11% used [0x00000000d7180000,0x00000000d74ee6c0,0x00000000d9080000)
  from space 5120K, 99% used [0x00000000d9580000,0x00000000d9a78ac0,0x00000000d9a80000)
  to   space 5120K, 0% used [0x00000000d9080000,0x00000000d9080000,0x00000000d9580000)
 ParOldGen       total 84992K, used 2704K [0x0000000085400000, 0x000000008a700000, 0x00000000d7180000)
  object space 84992K, 3% used [0x0000000085400000,0x00000000856a43d0,0x000000008a700000)
 Metaspace       used 19052K, capacity 19972K, committed 20224K, reserved 1067008K
  class space    used 2748K, capacity 2955K, committed 3072K, reserved 1048576K
GC Heap History (4 events):
Event: 1,211 GC heap before
{Heap before GC invocations=1 (full 0):
 PSYoungGen      total 36864K, used 31744K [0x00000000d7180000, 0x00000000d9a80000, 0x0000000100000000)
  eden space 31744K, 100% used [0x00000000d7180000,0x00000000d9080000,0x00000000d9080000)
  from space 5120K, 0% used [0x00000000d9580000,0x00000000d9580000,0x00000000d9a80000)
  to   space 5120K, 0% used [0x00000000d9080000,0x00000000d9080000,0x00000000d9580000)
 ParOldGen       total 84992K, used 0K [0x0000000085400000, 0x000000008a700000, 0x00000000d7180000)
  object space 84992K, 0% used [0x0000000085400000,0x0000000085400000,0x000000008a700000)
 Metaspace       used 11745K, capacity 12172K, committed 12416K, reserved 1060864K
  class space    used 1525K, capacity 1637K, committed 1664K, reserved 1048576K
Event: 1,218 GC heap after
Heap after GC invocations=1 (full 0):
 PSYoungGen      total 36864K, used 4121K [0x00000000d7180000, 0x00000000d9a80000, 0x0000000100000000)
  eden space 31744K, 0% used [0x00000000d7180000,0x00000000d7180000,0x00000000d9080000)
  from space 5120K, 80% used [0x00000000d9080000,0x00000000d9486538,0x00000000d9580000)
  to   space 5120K, 0% used [0x00000000d9580000,0x00000000d9580000,0x00000000d9a80000)
 ParOldGen       total 84992K, used 72K [0x0000000085400000, 0x000000008a700000, 0x00000000d7180000)
  object space 84992K, 0% used [0x0000000085400000,0x0000000085412010,0x000000008a700000)
 Metaspace       used 11745K, capacity 12172K, committed 12416K, reserved 1060864K
  class space    used 1525K, capacity 1637K, committed 1664K, reserved 1048576K
}
Event: 10,588 GC heap before
{Heap before GC invocations=2 (full 0):
 PSYoungGen      total 36864K, used 35865K [0x00000000d7180000, 0x00000000d9a80000, 0x0000000100000000)
  eden space 31744K, 100% used [0x00000000d7180000,0x00000000d9080000,0x00000000d9080000)
  from space 5120K, 80% used [0x00000000d9080000,0x00000000d9486538,0x00000000d9580000)
  to   space 5120K, 0% used [0x00000000d9580000,0x00000000d9580000,0x00000000d9a80000)
 ParOldGen       total 84992K, used 72K [0x0000000085400000, 0x000000008a700000, 0x00000000d7180000)
  object space 84992K, 0% used [0x0000000085400000,0x0000000085412010,0x000000008a700000)
 Metaspace       used 18880K, capacity 19812K, committed 19840K, reserved 1067008K
  class space    used 2732K, capacity 2923K, committed 2944K, reserved 1048576K
Event: 10,605 GC heap after
Heap after GC invocations=2 (full 0):
 PSYoungGen      total 36864K, used 5090K [0x00000000d7180000, 0x00000000d9a80000, 0x0000000100000000)
  eden space 31744K, 0% used [0x00000000d7180000,0x00000000d7180000,0x00000000d9080000)
  from space 5120K, 99% used [0x00000000d9580000,0x00000000d9a78ac0,0x00000000d9a80000)
  to   space 5120K, 0% used [0x00000000d9080000,0x00000000d9080000,0x00000000d9580000)
 ParOldGen       total 84992K, used 2704K [0x0000000085400000, 0x000000008a700000, 0x00000000d7180000)
  object space 84992K, 3% used [0x0000000085400000,0x00000000856a43d0,0x000000008a700000)
 Metaspace       used 18880K, capacity 19812K, committed 19840K, reserved 1067008K
  class space    used 2732K, capacity 2923K, committed 2944K, reserved 1048576K
}

