# JRE version: Java(TM) SE Runtime Environment (8.0_191-b12) (build 1.8.0_191-b12)
# Java VM: Java HotSpot(TM) 64-Bit Server VM (25.191-b12 mixed mode linux-amd64 compressed oops)
Heap:
 PSYoungGen      total 36864K, used 10768K [0x00000000d7180000, 0x00000000d9a80000, 0x0000000100000000)
  eden space 31744K, 17% used [0x00000000d7180000,0x00000000d770b7c0,0x00000000d9080000)
  from space 5120K, 99% used [0x00000000d9580000,0x00000000d9a788f8,0x00000000d9a80000)
  to   space 5120K, 0% used [0x00000000d9080000,0x00000000d9080000,0x00000000d9580000)
 ParOldGen       total 84992K, used 3184K [0x0000000085400000, 0x000000008a700000, 0x00000000d7180000)
  object space 84992K, 3% used [0x0000000085400000,0x000000008571c1c8,0x000000008a700000)
 Metaspace       used 19503K, capacity 20374K, committed 20480K, reserved 1067008K
  class space    used 2810K, capacity 3024K, committed 3072K, reserved 1048576K
GC Heap History (4 events):
Event: 1,231 GC heap before
{Heap before GC invocations=1 (full 0):
 PSYoungGen      total 36864K, used 31744K [0x00000000d7180000, 0x00000000d9a80000, 0x0000000100000000)
  eden space 31744K, 100% used [0x00000000d7180000,0x00000000d9080000,0x00000000d9080000)
  from space 5120K, 0% used [0x00000000d9580000,0x00000000d9580000,0x00000000d9a80000)
  to   space 5120K, 0% used [0x00000000d9080000,0x00000000d9080000,0x00000000d9580000)
 ParOldGen       total 84992K, used 0K [0x0000000085400000, 0x000000008a700000, 0x00000000d7180000)
  object space 84992K, 0% used [0x0000000085400000,0x0000000085400000,0x000000008a700000)
 Metaspace       used 12710K, capacity 13168K, committed 13440K, reserved 1060864K
  class space    used 1665K, capacity 1825K, committed 1920K, reserved 1048576K
Event: 1,238 GC heap after
Heap after GC invocations=1 (full 0):
 PSYoungGen      total 36864K, used 4581K [0x00000000d7180000, 0x00000000d9a80000, 0x0000000100000000)
  eden space 31744K, 0% used [0x00000000d7180000,0x00000000d7180000,0x00000000d9080000)
  from space 5120K, 89% used [0x00000000d9080000,0x00000000d94f9408,0x00000000d9580000)
  to   space 5120K, 0% used [0x00000000d9580000,0x00000000d9580000,0x00000000d9a80000)
 ParOldGen       total 84992K, used 72K [0x0000000085400000, 0x000000008a700000, 0x00000000d7180000)
  object space 84992K, 0% used [0x0000000085400000,0x0000000085412010,0x000000008a700000)
 Metaspace       used 12710K, capacity 13168K, committed 13440K, reserved 1060864K
  class space    used 1665K, capacity 1825K, committed 1920K, reserved 1048576K
}
Event: 4,621 GC heap before
{Heap before GC invocations=2 (full 0):
 PSYoungGen      total 36864K, used 36325K [0x00000000d7180000, 0x00000000d9a80000, 0x0000000100000000)
  eden space 31744K, 100% used [0x00000000d7180000,0x00000000d9080000,0x00000000d9080000)
  from space 5120K, 89% used [0x00000000d9080000,0x00000000d94f9408,0x00000000d9580000)
  to   space 5120K, 0% used [0x00000000d9580000,0x00000000d9580000,0x00000000d9a80000)
 ParOldGen       total 84992K, used 72K [0x0000000085400000, 0x000000008a700000, 0x00000000d7180000)
  object space 84992K, 0% used [0x0000000085400000,0x0000000085412010,0x000000008a700000)
 Metaspace       used 19226K, capacity 20182K, committed 20480K, reserved 1067008K
  class space    used 2777K, capacity 3024K, committed 3072K, reserved 1048576K
Event: 4,635 GC heap after
Heap after GC invocations=2 (full 0):
 PSYoungGen      total 36864K, used 5090K [0x00000000d7180000, 0x00000000d9a80000, 0x0000000100000000)
  eden space 31744K, 0% used [0x00000000d7180000,0x00000000d7180000,0x00000000d9080000)
  from space 5120K, 99% used [0x00000000d9580000,0x00000000d9a788f8,0x00000000d9a80000)
  to   space 5120K, 0% used [0x00000000d9080000,0x00000000d9080000,0x00000000d9580000)
 ParOldGen       total 84992K, used 3184K [0x0000000085400000, 0x000000008a700000, 0x00000000d7180000)
  object space 84992K, 3% used [0x0000000085400000,0x000000008571c1c8,0x000000008a700000)
 Metaspace       used 19226K, capacity 20182K, committed 20480K, reserved 1067008K
  class space    used 2777K, capacity 3024K, committed 3072K, reserved 1048576K
}

